KGDL:=300000;;
AUTOTEXTFLAGS:=3;;
MSCODE:=540;;
AUTOTEXTUSERRULES:=;;
USERNAME:=cmosher01_sim;;
PRFV:=1;;
SHUTDOWN:=39086;;
DSEN:=1;;
send_radio_reset_log:=1;;
MAILQUOTA:=8388608;;
allow_cache_pin:=1;;
external:=1;;
PASSWORD:=pherfs;;
sim_partner_id:=100;;
location_key:=A4D695EE1ECDC326199649E8E5CD38AD;;
AUTOTEXTRULESen_US:=itll	it'll	ive	I've	wasnt	wasn't	wheres	where's	wouldve	would've	htey	they	arent	aren't	feild	field	peices	pieces	cant	can't	whered	where'd	whove	who've	adn	and	she'	she'll	youd	you'd	wont	won't	@email	&E	mkae	make	amke	make	whos	who's	htere	there	doesnt	doesn't	theyll	they'll	weve	we've	wouldnt	wouldn't	didnt	didn't	wel	we'll	thatll	that'll	whod	who'd	acn	can	theyre	they're	cheif	chief	hows	how's	beleif	belief	youll	you'll	hadnt	hadn't	tehy	they	ehr	her	amde	made	oclock	o'clock	hte	the	thats	that's	im	I'm	youre	you're	havent	haven't	il	I'll	shouldve	should've	teh	the	i'll	I'll	htis	this	id	I'd	i	I	seh	she	thatd	that'd	heres	here's	taht	that	alot	a lot	theyd	they'd	tahn	than	hse	she	ahd	had	hsa	has	thier	their	theres	there's	eyt	yet	couldve	could've	ahve	have	whys	why's	beleive	believe	recieving	receiving	peice	piece	shouldnt	shouldn't	recieve	receive	whens	when's	theyve	they've	dont	don't	isnt	isn't	wholl	who'll	hes	he's	youve	you've	hting	thing	shes	she's	whatll	what'll	hel	he'll	@phone	&P	agian	again	visavis	vis-a-vis	i'm	I'm	couldnt	couldn't	whats	what's	hed	he'd	@lt	&T	hasnt	hasn't	recieved	received	werent	weren't	whatd	what'd	itsa	it's a	@ld	&D	ahppen	happen	esle	else	certian	certain	;;
FIRSTNAME:=Chris;;
USERID:=14348;;
no_animation:=1;;
audio_profile_data:=010444010000006400000064000000280000000000000064000000640000000000000000000000640000000000000000000000000000000000000000000000040000004C6F756446010000004200000032000000000000000000000064000000640000000000000000000000640000000000000000000000000000000000000000000000060000004E6F726D616C44010000001E0000001400000000000000000000006400000064000000000000000000000064000000000000000000000000000000000000000000000004000000536F667444010000000000000000000000000000000000000064000000640000000000000000000000640000000000000000000000000000000000000000000000040000004D757465;;
LASTNAME:=Mosher;;
allow_privacy_lock:=1;;
sendradioreport:=1;;
send_event_log:=0;;
DSDL:=600;;
HKEYS:=com.danger.rocks.rocks:r;apps.contacts.Contacts:a;apps.im.IM:i;apps.telephone.Telephone:p;apps.browser.Browser:b;apps.camera.Camera:m;apps.calendar.Calendar:c;apps.email.Email:e;apps.gallery.Gallery:k;apps.sms.SMS:s;apps.notes.Notes:n;apps.todo.Todo:t;;;
KDLY:=2;;
SIMID:=BOGUS_SIMID;;
dispatcher:=disp.developer.danger.com;;
KRAT:=10;;
LOCALE:=en_US;;
audio_profile:=Normal;;
VOL:=66;;
max_tones_installed:=0;;
KGRD:=0;;
AUBK:=1;;
TMZN:=5;;
BKLT:=15;;
;;
